<?xml version="1.0" encoding="UTF-8"?>
<testsuite xmlns:xsi="http://www.w3.org/2001/XMLSchema-instance" xsi:noNamespaceSchemaLocation="https://maven.apache.org/surefire/maven-surefire-plugin/xsd/surefire-test-report-3.0.xsd" version="3.0" name="assignment.librarymanagementsystem.LibraryManagementSystemTest" time="0.267" tests="15" errors="0" skipped="0" failures="0">
  <properties>
    <property name="java.specification.version" value="23"/>
    <property name="sun.cpu.isalist" value="amd64"/>
    <property name="sun.jnu.encoding" value="Cp1252"/>
    <property name="java.class.path" value="C:\Users\moonm\OneDrive\Desktop\OOPBigAssignment\LibraryManagementSystem\target\test-classes;C:\Users\moonm\OneDrive\Desktop\OOPBigAssignment\LibraryManagementSystem\target\classes;C:\Users\moonm\.m2\repository\org\junit\jupiter\junit-jupiter-api\5.10.3\junit-jupiter-api-5.10.3.jar;C:\Users\moonm\.m2\repository\org\opentest4j\opentest4j\1.3.0\opentest4j-1.3.0.jar;C:\Users\moonm\.m2\repository\org\junit\platform\junit-platform-commons\1.10.3\junit-platform-commons-1.10.3.jar;C:\Users\moonm\.m2\repository\org\apiguardian\apiguardian-api\1.1.2\apiguardian-api-1.1.2.jar;C:\Users\moonm\.m2\repository\org\junit\jupiter\junit-jupiter-params\5.10.3\junit-jupiter-params-5.10.3.jar;C:\Users\moonm\.m2\repository\org\junit\jupiter\junit-jupiter-engine\5.10.3\junit-jupiter-engine-5.10.3.jar;C:\Users\moonm\.m2\repository\org\junit\platform\junit-platform-engine\1.10.3\junit-platform-engine-1.10.3.jar;"/>
    <property name="java.vm.vendor" value="Oracle Corporation"/>
    <property name="sun.arch.data.model" value="64"/>
    <property name="user.variant" value=""/>
    <property name="java.vendor.url" value="https://java.oracle.com/"/>
    <property name="user.timezone" value="Europe/Budapest"/>
    <property name="os.name" value="Windows 11"/>
    <property name="java.vm.specification.version" value="23"/>
    <property name="user.country" value="US"/>
    <property name="sun.java.launcher" value="SUN_STANDARD"/>
    <property name="sun.boot.library.path" value="C:\Program Files\Java\jdk-23\bin"/>
    <property name="sun.java.command" value="C:\Users\moonm\AppData\Local\Temp\surefire78442416436647089\surefirebooter-20250423160514477_3.jar C:\Users\moonm\AppData\Local\Temp\surefire78442416436647089 2025-04-23T16-05-14_117-jvmRun1 surefire-20250423160514477_1tmp surefire_0-20250423160514477_2tmp"/>
    <property name="jdk.debug" value="release"/>
    <property name="test" value="assignment.librarymanagementsystem.LibraryManagementSystemTest"/>
    <property name="surefire.test.class.path" value="C:\Users\moonm\OneDrive\Desktop\OOPBigAssignment\LibraryManagementSystem\target\test-classes;C:\Users\moonm\OneDrive\Desktop\OOPBigAssignment\LibraryManagementSystem\target\classes;C:\Users\moonm\.m2\repository\org\junit\jupiter\junit-jupiter-api\5.10.3\junit-jupiter-api-5.10.3.jar;C:\Users\moonm\.m2\repository\org\opentest4j\opentest4j\1.3.0\opentest4j-1.3.0.jar;C:\Users\moonm\.m2\repository\org\junit\platform\junit-platform-commons\1.10.3\junit-platform-commons-1.10.3.jar;C:\Users\moonm\.m2\repository\org\apiguardian\apiguardian-api\1.1.2\apiguardian-api-1.1.2.jar;C:\Users\moonm\.m2\repository\org\junit\jupiter\junit-jupiter-params\5.10.3\junit-jupiter-params-5.10.3.jar;C:\Users\moonm\.m2\repository\org\junit\jupiter\junit-jupiter-engine\5.10.3\junit-jupiter-engine-5.10.3.jar;C:\Users\moonm\.m2\repository\org\junit\platform\junit-platform-engine\1.10.3\junit-platform-engine-1.10.3.jar;"/>
    <property name="sun.cpu.endian" value="little"/>
    <property name="user.home" value="C:\Users\moonm"/>
    <property name="user.language" value="en"/>
    <property name="java.specification.vendor" value="Oracle Corporation"/>
    <property name="java.version.date" value="2025-01-21"/>
    <property name="java.home" value="C:\Program Files\Java\jdk-23"/>
    <property name="file.separator" value="\"/>
    <property name="basedir" value="C:\Users\moonm\OneDrive\Desktop\OOPBigAssignment\LibraryManagementSystem"/>
    <property name="java.vm.compressedOopsMode" value="32-bit"/>
    <property name="line.separator" value="&#10;"/>
    <property name="java.vm.specification.vendor" value="Oracle Corporation"/>
    <property name="java.specification.name" value="Java Platform API Specification"/>
    <property name="surefire.real.class.path" value="C:\Users\moonm\AppData\Local\Temp\surefire78442416436647089\surefirebooter-20250423160514477_3.jar"/>
    <property name="user.script" value=""/>
    <property name="sun.management.compiler" value="HotSpot 64-Bit Tiered Compilers"/>
    <property name="java.runtime.version" value="23.0.2+7-58"/>
    <property name="user.name" value="moonm"/>
    <property name="stdout.encoding" value="Cp1252"/>
    <property name="path.separator" value=";"/>
    <property name="os.version" value="10.0"/>
    <property name="java.runtime.name" value="Java(TM) SE Runtime Environment"/>
    <property name="file.encoding" value="UTF-8"/>
    <property name="java.vm.name" value="Java HotSpot(TM) 64-Bit Server VM"/>
    <property name="maven.ext.class.path" value="C:\Program Files\NetBeans-25\netbeans\java\maven-nblib\netbeans-eventspy.jar"/>
    <property name="localRepository" value="C:\Users\moonm\.m2\repository"/>
    <property name="java.vendor.url.bug" value="https://bugreport.java.com/bugreport/"/>
    <property name="java.io.tmpdir" value="C:\Users\moonm\AppData\Local\Temp\"/>
    <property name="java.version" value="23.0.2"/>
    <property name="user.dir" value="C:\Users\moonm\OneDrive\Desktop\OOPBigAssignment\LibraryManagementSystem"/>
    <property name="os.arch" value="amd64"/>
    <property name="java.vm.specification.name" value="Java Virtual Machine Specification"/>
    <property name="sun.os.patch.level" value=""/>
    <property name="native.encoding" value="Cp1252"/>
    <property name="java.library.path" value="C:\Program Files\Java\jdk-23\bin;C:\WINDOWS\Sun\Java\bin;C:\WINDOWS\system32;C:\WINDOWS;C:\Program Files\Common Files\Oracle\Java\javapath;C:\WINDOWS\system32;C:\WINDOWS;C:\WINDOWS\System32\Wbem;C:\WINDOWS\System32\WindowsPowerShell\v1.0\;C:\WINDOWS\System32\OpenSSH\;C:\mingw64\bin;C:\Program Files\dotnet\;C:\Program Files\nodejs\;C:\Program Files\MySQL\MySQL Shell 8.0\bin\;C:\Users\moonm\AppData\Local\Microsoft\WindowsApps;C:\Users\moonm\AppData\Local\Programs\Microsoft VS Code\bin;C:\ghcup\bin;C:\Users\moonm\.dotnet\tools;C:\Users\moonm\AppData\Roaming\npm;."/>
    <property name="java.vm.info" value="mixed mode, sharing"/>
    <property name="stderr.encoding" value="Cp1252"/>
    <property name="java.vendor" value="Oracle Corporation"/>
    <property name="java.vm.version" value="23.0.2+7-58"/>
    <property name="sun.io.unicode.encoding" value="UnicodeLittle"/>
    <property name="java.class.version" value="67.0"/>
  </properties>
  <testcase name="testGetItems" classname="assignment.librarymanagementsystem.LibraryManagementSystemTest" time="0.048">
    <system-out><![CDATA[getItems
]]></system-out>
  </testcase>
  <testcase name="testAddItem" classname="assignment.librarymanagementsystem.LibraryManagementSystemTest" time="0.004">
    <system-out><![CDATA[addItem
]]></system-out>
  </testcase>
  <testcase name="testFindMostPopularItemBasesOnTimesBorrowed" classname="assignment.librarymanagementsystem.LibraryManagementSystemTest" time="0.009">
    <system-out><![CDATA[findMostPopularItemBasesOnTimesBorrowed
]]></system-out>
  </testcase>
  <testcase name="testGetTransactions" classname="assignment.librarymanagementsystem.LibraryManagementSystemTest" time="0.007">
    <system-out><![CDATA[getTransactions
]]></system-out>
  </testcase>
  <testcase name="testFindMostDownloadedItem" classname="assignment.librarymanagementsystem.LibraryManagementSystemTest" time="0.005">
    <system-out><![CDATA[findMostDownloadedItem
]]></system-out>
  </testcase>
  <testcase name="testSearchByTitle" classname="assignment.librarymanagementsystem.LibraryManagementSystemTest" time="0.004">
    <system-out><![CDATA[searchByTitle
]]></system-out>
  </testcase>
  <testcase name="testFindMostActiveMember" classname="assignment.librarymanagementsystem.LibraryManagementSystemTest" time="0.004">
    <system-out><![CDATA[findMostActiveMember
]]></system-out>
  </testcase>
  <testcase name="testGetArchiveBooks" classname="assignment.librarymanagementsystem.LibraryManagementSystemTest" time="0.004">
    <system-out><![CDATA[getArchiveBooks
[assignment.librarymanagementsystem.Book@2b71e916]
]]></system-out>
  </testcase>
  <testcase name="testAddMember" classname="assignment.librarymanagementsystem.LibraryManagementSystemTest" time="0.005">
    <system-out><![CDATA[addMember
]]></system-out>
  </testcase>
  <testcase name="testReturnBook" classname="assignment.librarymanagementsystem.LibraryManagementSystemTest" time="0.003">
    <system-out><![CDATA[returnBook
]]></system-out>
  </testcase>
  <testcase name="testBorrowBook" classname="assignment.librarymanagementsystem.LibraryManagementSystemTest" time="0.006">
    <system-out><![CDATA[borrowBook
]]></system-out>
  </testcase>
  <testcase name="testFindMostPopularItem" classname="assignment.librarymanagementsystem.LibraryManagementSystemTest" time="0.007">
    <system-out><![CDATA[findMostPopularItem
]]></system-out>
  </testcase>
  <testcase name="testPeriodicRepairCheck" classname="assignment.librarymanagementsystem.LibraryManagementSystemTest" time="0.006">
    <system-out><![CDATA[periodicRepairCheck
]]></system-out>
  </testcase>
  <testcase name="testSearchByAuthor" classname="assignment.librarymanagementsystem.LibraryManagementSystemTest" time="0.009">
    <system-out><![CDATA[searchByAuthor
]]></system-out>
  </testcase>
  <testcase name="testFindMostViewedItem" classname="assignment.librarymanagementsystem.LibraryManagementSystemTest" time="0.003">
    <system-out><![CDATA[findMostViewedItem
]]></system-out>
  </testcase>
</testsuite>